C:\Program Files\Microsoft Visual Studio\2022\Community\MSBuild\Microsoft\VC\v170\Microsoft.CppBuild.targets(531,5): warning MSB8028: The intermediate directory (x64\Release\) contains files shared from another project (Chińczyk.vcxproj).  This can lead to incorrect clean and rebuild behavior.
  Ai.cpp
  Board.cpp
C:\Users\marci\Desktop\Repozytorium\Projekty\Projekty desktopowe\C_CPP\Ludo\Board.cpp(106,56): warning C4244: 'argument': conversion from 'int' to 'float', possible loss of data
C:\Users\marci\Desktop\Repozytorium\Projekty\Projekty desktopowe\C_CPP\Ludo\Board.cpp(106,42): warning C4244: 'argument': conversion from 'int' to 'float', possible loss of data
C:\Users\marci\Desktop\Repozytorium\Projekty\Projekty desktopowe\C_CPP\Ludo\Board.cpp(118,53): warning C4244: 'argument': conversion from 'int' to 'float', possible loss of data
C:\Users\marci\Desktop\Repozytorium\Projekty\Projekty desktopowe\C_CPP\Ludo\Board.cpp(118,28): warning C4244: 'argument': conversion from 'int' to 'float', possible loss of data
C:\Users\marci\Desktop\Repozytorium\Projekty\Projekty desktopowe\C_CPP\Ludo\Board.cpp(119,26): warning C4305: 'argument': truncation from 'double' to 'float'
C:\Users\marci\Desktop\Repozytorium\Projekty\Projekty desktopowe\C_CPP\Ludo\Board.cpp(119,21): warning C4305: 'argument': truncation from 'double' to 'float'
  Button.cpp
C:\Users\marci\Desktop\Repozytorium\Projekty\Projekty desktopowe\C_CPP\Ludo\Button.cpp(43,70): warning C4244: 'argument': conversion from 'int' to 'T', possible loss of data
          with
          [
              T=float
          ]
C:\Users\marci\Desktop\Repozytorium\Projekty\Projekty desktopowe\C_CPP\Ludo\Button.cpp(43,49): warning C4244: 'argument': conversion from 'int' to 'T', possible loss of data
          with
          [
              T=float
          ]
C:\Users\marci\Desktop\Repozytorium\Projekty\Projekty desktopowe\C_CPP\Ludo\Button.cpp(50,33): warning C4244: 'argument': conversion from 'int' to 'float', possible loss of data
C:\Users\marci\Desktop\Repozytorium\Projekty\Projekty desktopowe\C_CPP\Ludo\Button.cpp(50,30): warning C4244: 'argument': conversion from 'int' to 'float', possible loss of data
C:\Users\marci\Desktop\Repozytorium\Projekty\Projekty desktopowe\C_CPP\Ludo\Button.cpp(60,33): warning C4244: 'argument': conversion from 'int' to 'float', possible loss of data
C:\Users\marci\Desktop\Repozytorium\Projekty\Projekty desktopowe\C_CPP\Ludo\Button.cpp(60,28): warning C4244: 'argument': conversion from 'int' to 'float', possible loss of data
  ColorSelectButton.cpp
C:\Users\marci\Desktop\Repozytorium\Projekty\Projekty desktopowe\C_CPP\Ludo\ColorSelectButton.cpp(20,30): warning C4244: 'argument': conversion from 'int' to 'float', possible loss of data
C:\Users\marci\Desktop\Repozytorium\Projekty\Projekty desktopowe\C_CPP\Ludo\ColorSelectButton.cpp(20,27): warning C4244: 'argument': conversion from 'int' to 'float', possible loss of data
  LeaderBoard.cpp
C:\Users\marci\Desktop\Repozytorium\Projekty\Projekty desktopowe\C_CPP\Ludo\LeaderBoard.cpp(77,46): warning C4244: 'argument': conversion from 'int' to 'float', possible loss of data
C:\Users\marci\Desktop\Repozytorium\Projekty\Projekty desktopowe\C_CPP\Ludo\LeaderBoard.cpp(77,29): warning C4244: 'argument': conversion from 'int' to 'float', possible loss of data
  InitialMenu.cpp
C:\Users\marci\Desktop\Repozytorium\Projekty\Projekty desktopowe\C_CPP\Ludo\InitialMenu.cpp(14,53): warning C4244: 'argument': conversion from 'int' to 'float', possible loss of data
C:\Users\marci\Desktop\Repozytorium\Projekty\Projekty desktopowe\C_CPP\Ludo\InitialMenu.cpp(14,36): warning C4244: 'argument': conversion from 'int' to 'float', possible loss of data
  Menu.cpp
C:\Users\marci\Desktop\Repozytorium\Projekty\Projekty desktopowe\C_CPP\Ludo\Menu.cpp(33,46): warning C4244: 'argument': conversion from 'int' to 'float', possible loss of data
C:\Users\marci\Desktop\Repozytorium\Projekty\Projekty desktopowe\C_CPP\Ludo\Menu.cpp(33,29): warning C4244: 'argument': conversion from 'int' to 'float', possible loss of data
C:\Users\marci\Desktop\Repozytorium\Projekty\Projekty desktopowe\C_CPP\Ludo\Menu.cpp(42,41): warning C4244: 'argument': conversion from 'int' to 'float', possible loss of data
C:\Users\marci\Desktop\Repozytorium\Projekty\Projekty desktopowe\C_CPP\Ludo\Menu.cpp(42,24): warning C4244: 'argument': conversion from 'int' to 'float', possible loss of data
C:\Users\marci\Desktop\Repozytorium\Projekty\Projekty desktopowe\C_CPP\Ludo\Menu.cpp(43,26): warning C4305: 'argument': truncation from 'double' to 'float'
C:\Users\marci\Desktop\Repozytorium\Projekty\Projekty desktopowe\C_CPP\Ludo\Menu.cpp(43,21): warning C4305: 'argument': truncation from 'double' to 'float'
  MenuConfirmButton.cpp
C:\Users\marci\Desktop\Repozytorium\Projekty\Projekty desktopowe\C_CPP\Ludo\MenuConfirmButton.cpp(8,33): warning C4244: 'argument': conversion from 'int' to 'float', possible loss of data
C:\Users\marci\Desktop\Repozytorium\Projekty\Projekty desktopowe\C_CPP\Ludo\MenuConfirmButton.cpp(8,28): warning C4244: 'argument': conversion from 'int' to 'float', possible loss of data
  Random.cpp
C:\Users\marci\Desktop\Repozytorium\Projekty\Projekty desktopowe\C_CPP\Ludo\Random.cpp(11,19): warning C4244: 'argument': conversion from 'time_t' to 'unsigned int', possible loss of data
  TossButton.cpp
  Dial.cpp
C:\Users\marci\Desktop\Repozytorium\Projekty\Projekty desktopowe\C_CPP\Ludo\Dial.cpp(34,31): warning C4244: 'argument': conversion from 'int' to 'float', possible loss of data
C:\Users\marci\Desktop\Repozytorium\Projekty\Projekty desktopowe\C_CPP\Ludo\Dial.cpp(34,28): warning C4244: 'argument': conversion from 'int' to 'float', possible loss of data
  Pawn.cpp
C:\Users\marci\Desktop\Repozytorium\Projekty\Projekty desktopowe\C_CPP\Ludo\Pawn.cpp(19,67): warning C4244: 'argument': conversion from 'int' to 'float', possible loss of data
C:\Users\marci\Desktop\Repozytorium\Projekty\Projekty desktopowe\C_CPP\Ludo\Pawn.cpp(19,45): warning C4244: 'argument': conversion from 'int' to 'float', possible loss of data
C:\Users\marci\Desktop\Repozytorium\Projekty\Projekty desktopowe\C_CPP\Ludo\Pawn.cpp(94,64): warning C4244: 'argument': conversion from 'int' to 'T', possible loss of data
          with
          [
              T=float
          ]
C:\Users\marci\Desktop\Repozytorium\Projekty\Projekty desktopowe\C_CPP\Ludo\Pawn.cpp(94,43): warning C4244: 'argument': conversion from 'int' to 'T', possible loss of data
          with
          [
              T=float
          ]
  Team.cpp
  Tile.cpp
C:\Users\marci\Desktop\Repozytorium\Projekty\Projekty desktopowe\C_CPP\Ludo\Tile.cpp(59,38): warning C4244: 'return': conversion from 'const T' to 'int', possible loss of data
          with
          [
              T=float
          ]
C:\Users\marci\Desktop\Repozytorium\Projekty\Projekty desktopowe\C_CPP\Ludo\Tile.cpp(64,38): warning C4244: 'return': conversion from 'const T' to 'int', possible loss of data
          with
          [
              T=float
          ]
C:\Users\marci\Desktop\Repozytorium\Projekty\Projekty desktopowe\C_CPP\Ludo\Tile.cpp(76,70): warning C4244: 'argument': conversion from 'int' to 'T', possible loss of data
          with
          [
              T=float
          ]
C:\Users\marci\Desktop\Repozytorium\Projekty\Projekty desktopowe\C_CPP\Ludo\Tile.cpp(76,49): warning C4244: 'argument': conversion from 'int' to 'T', possible loss of data
          with
          [
              T=float
          ]
C:\Users\marci\Desktop\Repozytorium\Projekty\Projekty desktopowe\C_CPP\Ludo\Tile.cpp(81,59): warning C4244: '=': conversion from 'T' to 'int', possible loss of data
          with
          [
              T=float
          ]
C:\Users\marci\Desktop\Repozytorium\Projekty\Projekty desktopowe\C_CPP\Ludo\Tile.cpp(82,60): warning C4244: '=': conversion from 'T' to 'int', possible loss of data
          with
          [
              T=float
          ]
C:\Users\marci\Desktop\Repozytorium\Projekty\Projekty desktopowe\C_CPP\Ludo\Tile.cpp(86,33): warning C4244: 'argument': conversion from 'int' to 'float', possible loss of data
C:\Users\marci\Desktop\Repozytorium\Projekty\Projekty desktopowe\C_CPP\Ludo\Tile.cpp(86,30): warning C4244: 'argument': conversion from 'int' to 'float', possible loss of data
C:\Users\marci\Desktop\Repozytorium\Projekty\Projekty desktopowe\C_CPP\Ludo\Tile.cpp(87,25): warning C4244: 'argument': conversion from 'int' to 'float', possible loss of data
  Game.cpp
  Ludo.cpp
Board.obj : error LNK2001: unresolved external symbol "__declspec(dllimport) public: static class sf::RenderStates const sf::RenderStates::Default" (__imp_?Default@RenderStates@sf@@2V12@B)
Board.obj : error LNK2001: unresolved external symbol "__declspec(dllimport) public: void __cdecl sf::Transformable::setOrigin(float,float)" (__imp_?setOrigin@Transformable@sf@@QEAAXMM@Z)
Board.obj : error LNK2001: unresolved external symbol "__declspec(dllimport) public: void __cdecl sf::Transformable::setScale(float,float)" (__imp_?setScale@Transformable@sf@@QEAAXMM@Z)
Board.obj : error LNK2001: unresolved external symbol "__declspec(dllimport) public: void __cdecl sf::Transformable::setPosition(float,float)" (__imp_?setPosition@Transformable@sf@@QEAAXMM@Z)
Board.obj : error LNK2001: unresolved external symbol "__declspec(dllimport) public: bool __cdecl sf::Texture::loadFromFile(class std::basic_string<char,struct std::char_traits<char>,class std::allocator<char> > const &,class sf::Rect<int> const &)" (__imp_?loadFromFile@Texture@sf@@QEAA_NAEBV?$basic_string@DU?$char_traits@D@std@@V?$allocator@D@2@@std@@AEBV?$Rect@H@2@@Z)
Board.obj : error LNK2001: unresolved external symbol "__declspec(dllimport) public: __cdecl sf::Texture::~Texture(void)" (__imp_??1Texture@sf@@QEAA@XZ)
Board.obj : error LNK2001: unresolved external symbol "__declspec(dllimport) public: __cdecl sf::Texture::Texture(void)" (__imp_??0Texture@sf@@QEAA@XZ)
Board.obj : error LNK2001: unresolved external symbol "__declspec(dllimport) public: __cdecl sf::Font::~Font(void)" (__imp_??1Font@sf@@QEAA@XZ)
Board.obj : error LNK2001: unresolved external symbol "__declspec(dllimport) public: void __cdecl sf::RenderTarget::draw(class sf::Drawable const &,class sf::RenderStates const &)" (__imp_?draw@RenderTarget@sf@@QEAAXAEBVDrawable@2@AEBVRenderStates@2@@Z)
Board.obj : error LNK2001: unresolved external symbol "__declspec(dllimport) public: class sf::Rect<float> __cdecl sf::Sprite::getGlobalBounds(void)const " (__imp_?getGlobalBounds@Sprite@sf@@QEBA?AV?$Rect@M@2@XZ)
Board.obj : error LNK2001: unresolved external symbol "__declspec(dllimport) public: void __cdecl sf::Sprite::setTexture(class sf::Texture const &,bool)" (__imp_?setTexture@Sprite@sf@@QEAAXAEBVTexture@2@_N@Z)
Board.obj : error LNK2001: unresolved external symbol "__declspec(dllimport) public: __cdecl sf::Sprite::Sprite(void)" (__imp_??0Sprite@sf@@QEAA@XZ)
Board.obj : error LNK2001: unresolved external symbol "__declspec(dllimport) public: __cdecl sf::Sprite::Sprite(class sf::Texture const &)" (__imp_??0Sprite@sf@@QEAA@AEBVTexture@1@@Z)
Board.obj : error LNK2001: unresolved external symbol "__declspec(dllimport) public: virtual __cdecl sf::Text::~Text(void)" (__imp_??1Text@sf@@UEAA@XZ)
Board.obj : error LNK2001: unresolved external symbol "__declspec(dllimport) public: virtual __cdecl sf::Sprite::~Sprite(void)" (__imp_??1Sprite@sf@@UEAA@XZ)
Button.obj : error LNK2001: unresolved external symbol "__declspec(dllimport) public: bool __cdecl sf::Font::loadFromFile(class std::basic_string<char,struct std::char_traits<char>,class std::allocator<char> > const &)" (__imp_?loadFromFile@Font@sf@@QEAA_NAEBV?$basic_string@DU?$char_traits@D@std@@V?$allocator@D@2@@std@@@Z)
Button.obj : error LNK2001: unresolved external symbol "__declspec(dllimport) public: __cdecl sf::Font::Font(void)" (__imp_??0Font@sf@@QEAA@XZ)
Button.obj : error LNK2001: unresolved external symbol "__declspec(dllimport) public: static class sf::Color const sf::Color::Black" (__imp_?Black@Color@sf@@2V12@B)
Button.obj : error LNK2001: unresolved external symbol "__declspec(dllimport) public: __cdecl sf::String::String(class std::basic_string<char,struct std::char_traits<char>,class std::allocator<char> > const &,class std::locale const &)" (__imp_??0String@sf@@QEAA@AEBV?$basic_string@DU?$char_traits@D@std@@V?$allocator@D@2@@std@@AEBVlocale@3@@Z)
Button.obj : error LNK2001: unresolved external symbol "__declspec(dllimport) public: class sf::Rect<float> __cdecl sf::Text::getGlobalBounds(void)const " (__imp_?getGlobalBounds@Text@sf@@QEBA?AV?$Rect@M@2@XZ)
Button.obj : error LNK2001: unresolved external symbol "__declspec(dllimport) public: void __cdecl sf::Text::setFillColor(class sf::Color const &)" (__imp_?setFillColor@Text@sf@@QEAAXAEBVColor@2@@Z)
Button.obj : error LNK2001: unresolved external symbol "__declspec(dllimport) public: __cdecl sf::Text::Text(void)" (__imp_??0Text@sf@@QEAA@XZ)
Button.obj : error LNK2001: unresolved external symbol "__declspec(dllimport) public: __cdecl sf::Text::Text(class sf::String const &,class sf::Font const &,unsigned int)" (__imp_??0Text@sf@@QEAA@AEBVString@1@AEBVFont@1@I@Z)
Button.obj : error LNK2001: unresolved external symbol "__declspec(dllimport) public: class sf::Text & __cdecl sf::Text::operator=(class sf::Text &&)" (__imp_??4Text@sf@@QEAAAEAV01@$$QEAV01@@Z)
Button.obj : error LNK2001: unresolved external symbol "__declspec(dllimport) public: __cdecl sf::Text::Text(class sf::Text const &)" (__imp_??0Text@sf@@QEAA@AEBV01@@Z)
Button.obj : error LNK2001: unresolved external symbol "__declspec(dllimport) public: __cdecl sf::Sprite::Sprite(class sf::Sprite const &)" (__imp_??0Sprite@sf@@QEAA@AEBV01@@Z)
Button.obj : error LNK2001: unresolved external symbol "__declspec(dllimport) public: class sf::Text & __cdecl sf::Text::operator=(class sf::Text const &)" (__imp_??4Text@sf@@QEAAAEAV01@AEBV01@@Z)
Button.obj : error LNK2001: unresolved external symbol "__declspec(dllimport) public: __cdecl sf::String::~String(void)" (__imp_??1String@sf@@QEAA@XZ)
LeaderBoard.obj : error LNK2001: unresolved external symbol "__declspec(dllimport) public: bool __cdecl sf::WindowBase::pollEvent(class sf::Event &)" (__imp_?pollEvent@WindowBase@sf@@QEAA_NAEAVEvent@2@@Z)
LeaderBoard.obj : error LNK2001: unresolved external symbol "__declspec(dllimport) public: __cdecl sf::String::String(char const *,class std::locale const &)" (__imp_??0String@sf@@QEAA@PEBDAEBVlocale@std@@@Z)
LeaderBoard.obj : error LNK2001: unresolved external symbol "__declspec(dllimport) public: void __cdecl sf::Text::setString(class sf::String const &)" (__imp_?setString@Text@sf@@QEAAXAEBVString@2@@Z)
InitialMenu.obj : error LNK2001: unresolved external symbol "__declspec(dllimport) public: static class sf::Color const sf::Color::White" (__imp_?White@Color@sf@@2V12@B)
InitialMenu.obj : error LNK2001: unresolved external symbol "__declspec(dllimport) public: static class sf::Color const sf::Color::Red" (__imp_?Red@Color@sf@@2V12@B)
TossButton.obj : error LNK2001: unresolved external symbol "__declspec(dllimport) public: class sf::Vector2<float> const & __cdecl sf::Transformable::getPosition(void)const " (__imp_?getPosition@Transformable@sf@@QEBAAEBV?$Vector2@M@2@XZ)
TossButton.obj : error LNK2001: unresolved external symbol "__declspec(dllimport) public: void __cdecl sf::Text::setCharacterSize(unsigned int)" (__imp_?setCharacterSize@Text@sf@@QEAAXI@Z)
TossButton.obj : error LNK2001: unresolved external symbol "__declspec(dllimport) public: void __cdecl sf::Text::setFont(class sf::Font const &)" (__imp_?setFont@Text@sf@@QEAAXAEBVFont@2@@Z)
Tile.obj : error LNK2001: unresolved external symbol "__declspec(dllimport) public: void __cdecl sf::Transformable::rotate(float)" (__imp_?rotate@Transformable@sf@@QEAAXM@Z)
Game.obj : error LNK2001: unresolved external symbol "__declspec(dllimport) public: class sf::Time __cdecl sf::Clock::restart(void)" (__imp_?restart@Clock@sf@@QEAA?AVTime@2@XZ)
Game.obj : error LNK2001: unresolved external symbol "__declspec(dllimport) public: class sf::Time __cdecl sf::Clock::getElapsedTime(void)const " (__imp_?getElapsedTime@Clock@sf@@QEBA?AVTime@2@XZ)
Game.obj : error LNK2001: unresolved external symbol "__declspec(dllimport) public: __cdecl sf::Clock::Clock(void)" (__imp_??0Clock@sf@@QEAA@XZ)
Game.obj : error LNK2001: unresolved external symbol "__declspec(dllimport) public: int __cdecl sf::Time::asMilliseconds(void)const " (__imp_?asMilliseconds@Time@sf@@QEBAHXZ)
Game.obj : error LNK2001: unresolved external symbol "__declspec(dllimport) protected: virtual void __cdecl sf::RenderWindow::onResize(void)" (__imp_?onResize@RenderWindow@sf@@MEAAXXZ)
Game.obj : error LNK2001: unresolved external symbol "__declspec(dllimport) protected: virtual void __cdecl sf::RenderWindow::onCreate(void)" (__imp_?onCreate@RenderWindow@sf@@MEAAXXZ)
Game.obj : error LNK2001: unresolved external symbol "__declspec(dllimport) public: virtual bool __cdecl sf::RenderWindow::setActive(bool)" (__imp_?setActive@RenderWindow@sf@@UEAA_N_N@Z)
Game.obj : error LNK2001: unresolved external symbol "__declspec(dllimport) public: virtual bool __cdecl sf::RenderWindow::isSrgb(void)const " (__imp_?isSrgb@RenderWindow@sf@@UEBA_NXZ)
Game.obj : error LNK2001: unresolved external symbol "__declspec(dllimport) public: virtual class sf::Vector2<unsigned int> __cdecl sf::RenderWindow::getSize(void)const " (__imp_?getSize@RenderWindow@sf@@UEBA?AV?$Vector2@I@2@XZ)
Game.obj : error LNK2001: unresolved external symbol "__declspec(dllimport) public: virtual __cdecl sf::RenderWindow::~RenderWindow(void)" (__imp_??1RenderWindow@sf@@UEAA@XZ)
Game.obj : error LNK2001: unresolved external symbol "__declspec(dllimport) public: __cdecl sf::RenderWindow::RenderWindow(class sf::VideoMode,class sf::String const &,unsigned int,struct sf::ContextSettings const &)" (__imp_??0RenderWindow@sf@@QEAA@VVideoMode@1@AEBVString@1@IAEBUContextSettings@1@@Z)
Game.obj : error LNK2001: unresolved external symbol "__declspec(dllimport) public: __cdecl sf::Color::Color(unsigned char,unsigned char,unsigned char,unsigned char)" (__imp_??0Color@sf@@QEAA@EEEE@Z)
Game.obj : error LNK2001: unresolved external symbol "__declspec(dllimport) public: unsigned char const * __cdecl sf::Image::getPixelsPtr(void)const " (__imp_?getPixelsPtr@Image@sf@@QEBAPEBEXZ)
Game.obj : error LNK2001: unresolved external symbol "__declspec(dllimport) public: class sf::Vector2<unsigned int> __cdecl sf::Image::getSize(void)const " (__imp_?getSize@Image@sf@@QEBA?AV?$Vector2@I@2@XZ)
Game.obj : error LNK2001: unresolved external symbol "__declspec(dllimport) public: bool __cdecl sf::Image::loadFromFile(class std::basic_string<char,struct std::char_traits<char>,class std::allocator<char> > const &)" (__imp_?loadFromFile@Image@sf@@QEAA_NAEBV?$basic_string@DU?$char_traits@D@std@@V?$allocator@D@2@@std@@@Z)
Game.obj : error LNK2001: unresolved external symbol "__declspec(dllimport) public: __cdecl sf::Image::~Image(void)" (__imp_??1Image@sf@@QEAA@XZ)
Game.obj : error LNK2001: unresolved external symbol "__declspec(dllimport) public: __cdecl sf::Image::Image(void)" (__imp_??0Image@sf@@QEAA@XZ)
Game.obj : error LNK2001: unresolved external symbol "__declspec(dllimport) public: void __cdecl sf::Window::display(void)" (__imp_?display@Window@sf@@QEAAXXZ)
Game.obj : error LNK2001: unresolved external symbol "__declspec(dllimport) public: void __cdecl sf::Window::setFramerateLimit(unsigned int)" (__imp_?setFramerateLimit@Window@sf@@QEAAXI@Z)
Game.obj : error LNK2001: unresolved external symbol "__declspec(dllimport) public: virtual void __cdecl sf::Window::close(void)" (__imp_?close@Window@sf@@UEAAXXZ)
Game.obj : error LNK2001: unresolved external symbol "__declspec(dllimport) public: virtual void __cdecl sf::Window::create(class sf::VideoMode,class sf::String const &,unsigned int)" (__imp_?create@Window@sf@@UEAAXVVideoMode@2@AEBVString@2@I@Z)
Game.obj : error LNK2001: unresolved external symbol "__declspec(dllimport) public: virtual void __cdecl sf::Window::create(class sf::VideoMode,class sf::String const &,unsigned int,struct sf::ContextSettings const &)" (__imp_?create@Window@sf@@UEAAXVVideoMode@2@AEBVString@2@IAEBUContextSettings@2@@Z)
Game.obj : error LNK2001: unresolved external symbol "__declspec(dllimport) public: virtual void __cdecl sf::Window::create(struct HWND__ *)" (__imp_?create@Window@sf@@UEAAXPEAUHWND__@@@Z)
Game.obj : error LNK2001: unresolved external symbol "__declspec(dllimport) public: virtual void __cdecl sf::Window::create(struct HWND__ *,struct sf::ContextSettings const &)" (__imp_?create@Window@sf@@UEAAXPEAUHWND__@@AEBUContextSettings@2@@Z)
Game.obj : error LNK2001: unresolved external symbol "__declspec(dllimport) public: void __cdecl sf::WindowBase::setIcon(unsigned int,unsigned int,unsigned char const *)" (__imp_?setIcon@WindowBase@sf@@QEAAXIIPEBE@Z)
Game.obj : error LNK2001: unresolved external symbol "__declspec(dllimport) public: void __cdecl sf::RenderTarget::clear(class sf::Color const &)" (__imp_?clear@RenderTarget@sf@@QEAAXAEBVColor@2@@Z)
Game.obj : error LNK2001: unresolved external symbol "__declspec(dllimport) public: __cdecl sf::VideoMode::VideoMode(unsigned int,unsigned int,unsigned int)" (__imp_??0VideoMode@sf@@QEAA@III@Z)
Ludo.obj : error LNK2001: unresolved external symbol "__declspec(dllimport) public: bool __cdecl sf::WindowBase::isOpen(void)const " (__imp_?isOpen@WindowBase@sf@@QEBA_NXZ)
C:\Users\marci\Desktop\Repozytorium\Projekty\Projekty desktopowe\C_CPP\Ludo\x64\Release\Ludo.exe : fatal error LNK1120: 65 unresolved externals
