c:\users\marci\desktop\repozytorium\projekty\projekty desktopowe\c_cpp\chińczyk\debug\vc143.pdb
c:\users\marci\desktop\repozytorium\projekty\projekty desktopowe\c_cpp\chińczyk\debug\vc143.idb
c:\users\marci\desktop\repozytorium\projekty\projekty desktopowe\c_cpp\chińczyk\debug\tetris.obj
c:\users\marci\desktop\repozytorium\projekty\projekty desktopowe\c_cpp\chińczyk\debug\point.obj
c:\users\marci\desktop\repozytorium\projekty\projekty desktopowe\c_cpp\chińczyk\debug\game.obj
c:\users\marci\desktop\repozytorium\projekty\projekty desktopowe\c_cpp\chińczyk\debug\tetris.exe
c:\users\marci\desktop\repozytorium\projekty\projekty desktopowe\c_cpp\chińczyk\debug\tetris.ilk
c:\users\marci\desktop\repozytorium\projekty\projekty desktopowe\c_cpp\chińczyk\debug\tetris.pdb
c:\users\marci\desktop\repozytorium\projekty\projekty desktopowe\c_cpp\chińczyk\debug\chińczyk.obj
c:\users\marci\desktop\repozytorium\projekty\projekty desktopowe\c_cpp\chińczyk\debug\ludo.obj
c:\users\marci\desktop\repozytorium\projekty\projekty desktopowe\c_cpp\chińczyk\debug\chińczyk.ilk
c:\users\marci\desktop\repozytorium\projekty\projekty desktopowe\c_cpp\chińczyk\debug\ludo.ilk
c:\users\marci\desktop\repozytorium\projekty\projekty desktopowe\c_cpp\chińczyk\debug\chińczyk.pdb
c:\users\marci\desktop\repozytorium\projekty\projekty desktopowe\c_cpp\chińczyk\debug\ludo.pdb
c:\users\marci\desktop\repozytorium\projekty\projekty desktopowe\c_cpp\chińczyk\debug\tetris.tlog\cl.command.1.tlog
c:\users\marci\desktop\repozytorium\projekty\projekty desktopowe\c_cpp\chińczyk\debug\tetris.tlog\cl.items.tlog
c:\users\marci\desktop\repozytorium\projekty\projekty desktopowe\c_cpp\chińczyk\debug\tetris.tlog\cl.read.1.tlog
c:\users\marci\desktop\repozytorium\projekty\projekty desktopowe\c_cpp\chińczyk\debug\tetris.tlog\cl.write.1.tlog
c:\users\marci\desktop\repozytorium\projekty\projekty desktopowe\c_cpp\chińczyk\debug\tetris.tlog\link.command.1.tlog
c:\users\marci\desktop\repozytorium\projekty\projekty desktopowe\c_cpp\chińczyk\debug\tetris.tlog\link.read.1.tlog
c:\users\marci\desktop\repozytorium\projekty\projekty desktopowe\c_cpp\chińczyk\debug\tetris.tlog\link.write.1.tlog
