Chińczyk.obj : error LNK2019: nierozpoznany symbol zewnętrzny "public: __cdecl sf::String::String(char const *,class std::locale const &)" (??0String@sf@@QEAA@PEBDAEBVlocale@std@@@Z) przywołany w funkcji main
Chińczyk.obj : error LNK2019: nierozpoznany symbol zewnętrzny "public: __cdecl sf::VideoMode::VideoMode(unsigned int,unsigned int,unsigned int)" (??0VideoMode@sf@@QEAA@III@Z) przywołany w funkcji main
Chińczyk.obj : error LNK2019: nierozpoznany symbol zewnętrzny "public: bool __cdecl sf::WindowBase::isOpen(void)const " (?isOpen@WindowBase@sf@@QEBA_NXZ) przywołany w funkcji main
Chińczyk.obj : error LNK2019: nierozpoznany symbol zewnętrzny "public: bool __cdecl sf::WindowBase::pollEvent(class sf::Event &)" (?pollEvent@WindowBase@sf@@QEAA_NAEAVEvent@2@@Z) przywołany w funkcji main
Chińczyk.obj : error LNK2019: nierozpoznany symbol zewnętrzny "public: virtual void __cdecl sf::Window::close(void)" (?close@Window@sf@@UEAAXXZ) przywołany w funkcji main
Chińczyk.obj : error LNK2019: nierozpoznany symbol zewnętrzny "public: void __cdecl sf::Window::display(void)" (?display@Window@sf@@QEAAXXZ) przywołany w funkcji main
Chińczyk.obj : error LNK2019: nierozpoznany symbol zewnętrzny "public: __cdecl sf::Color::Color(unsigned char,unsigned char,unsigned char,unsigned char)" (??0Color@sf@@QEAA@EEEE@Z) przywołany w funkcji main
Chińczyk.obj : error LNK2019: nierozpoznany symbol zewnętrzny "public: virtual __cdecl sf::Shape::~Shape(void)" (??1Shape@sf@@UEAA@XZ) przywołany w funkcji "public: virtual __cdecl sf::CircleShape::~CircleShape(void)" (??1CircleShape@sf@@UEAA@XZ)
Chińczyk.obj : error LNK2019: nierozpoznany symbol zewnętrzny "public: void __cdecl sf::Shape::setFillColor(class sf::Color const &)" (?setFillColor@Shape@sf@@QEAAXAEBVColor@2@@Z) przywołany w funkcji main
Chińczyk.obj : error LNK2019: nierozpoznany symbol zewnętrzny "public: __cdecl sf::CircleShape::CircleShape(float,unsigned __int64)" (??0CircleShape@sf@@QEAA@M_K@Z) przywołany w funkcji main
Chińczyk.obj : error LNK2019: nierozpoznany symbol zewnętrzny "public: void __cdecl sf::RenderTarget::clear(class sf::Color const &)" (?clear@RenderTarget@sf@@QEAAXAEBVColor@2@@Z) przywołany w funkcji main
Chińczyk.obj : error LNK2019: nierozpoznany symbol zewnętrzny "public: void __cdecl sf::RenderTarget::draw(class sf::Drawable const &,class sf::RenderStates const &)" (?draw@RenderTarget@sf@@QEAAXAEBVDrawable@2@AEBVRenderStates@2@@Z) przywołany w funkcji main
Chińczyk.obj : error LNK2019: nierozpoznany symbol zewnętrzny "public: __cdecl sf::RenderWindow::RenderWindow(class sf::VideoMode,class sf::String const &,unsigned int,struct sf::ContextSettings const &)" (??0RenderWindow@sf@@QEAA@VVideoMode@1@AEBVString@1@IAEBUContextSettings@1@@Z) przywołany w funkcji main
Chińczyk.obj : error LNK2019: nierozpoznany symbol zewnętrzny "public: virtual __cdecl sf::RenderWindow::~RenderWindow(void)" (??1RenderWindow@sf@@UEAA@XZ) przywołany w funkcji main
Chińczyk.obj : error LNK2001: nierozpoznany symbol zewnętrzny "public: static class sf::RenderStates const sf::RenderStates::Default" (?Default@RenderStates@sf@@2V12@B)
Chińczyk.obj : error LNK2001: nierozpoznany symbol zewnętrzny "public: static class sf::Color const sf::Color::Green" (?Green@Color@sf@@2V12@B)
C:\Users\marci\Desktop\Repozytorium\Projekty\Projekty desktopowe\C_CPP\Chińczyk\\lib\sfml-graphics-s.lib : warning LNK4272: wystąpił konflikt typu maszyny biblioteki „x86” z typem maszyny docelowej „x64”
C:\Users\marci\Desktop\Repozytorium\Projekty\Projekty desktopowe\C_CPP\Chińczyk\\lib\sfml-window-s.lib : warning LNK4272: wystąpił konflikt typu maszyny biblioteki „x86” z typem maszyny docelowej „x64”
C:\Users\marci\Desktop\Repozytorium\Projekty\Projekty desktopowe\C_CPP\Chińczyk\\lib\sfml-system-s.lib : warning LNK4272: wystąpił konflikt typu maszyny biblioteki „x86” z typem maszyny docelowej „x64”
C:\Users\marci\Desktop\Repozytorium\Projekty\Projekty desktopowe\C_CPP\Chińczyk\\lib\freetype.lib : warning LNK4272: wystąpił konflikt typu maszyny biblioteki „x86” z typem maszyny docelowej „x64”
C:\Users\marci\Desktop\Repozytorium\Projekty\Projekty desktopowe\C_CPP\Chińczyk\\lib\sfml-system-d.lib : warning LNK4272: wystąpił konflikt typu maszyny biblioteki „x86” z typem maszyny docelowej „x64”
C:\Users\marci\Desktop\Repozytorium\Projekty\Projekty desktopowe\C_CPP\Chińczyk\x64\Debug\Chińczyk.exe : fatal error LNK1120: liczba nierozpoznanych elementów zewnętrznych: 16
