  Game.cpp
C:\Users\marci\Desktop\Repozytorium\Projekty\Projekty desktopowe\C_CPP\Ludo\Pawn.h(49,65): warning C4244: 'argument': conversion from 'int' to 'T', possible loss of data
          with
          [
              T=float
          ]
C:\Users\marci\Desktop\Repozytorium\Projekty\Projekty desktopowe\C_CPP\Ludo\Pawn.h(49,44): warning C4244: 'argument': conversion from 'int' to 'T', possible loss of data
          with
          [
              T=float
          ]
C:\Users\marci\Desktop\Repozytorium\Projekty\Projekty desktopowe\C_CPP\Ludo\Pawn.h(54,61): warning C4244: 'argument': conversion from 'int' to 'T', possible loss of data
          with
          [
              T=float
          ]
C:\Users\marci\Desktop\Repozytorium\Projekty\Projekty desktopowe\C_CPP\Ludo\Pawn.h(54,42): warning C4244: 'argument': conversion from 'int' to 'T', possible loss of data
          with
          [
              T=float
          ]
C:\Users\marci\Desktop\Repozytorium\Projekty\Projekty desktopowe\C_CPP\Ludo\Tile.h(35,74): warning C4244: 'argument': conversion from 'int' to 'T', possible loss of data
          with
          [
              T=float
          ]
C:\Users\marci\Desktop\Repozytorium\Projekty\Projekty desktopowe\C_CPP\Ludo\Tile.h(35,53): warning C4244: 'argument': conversion from 'int' to 'T', possible loss of data
          with
          [
              T=float
          ]
C:\Users\marci\Desktop\Repozytorium\Projekty\Projekty desktopowe\C_CPP\Ludo\Button.h(28,65): warning C4244: 'argument': conversion from 'int' to 'T', possible loss of data
          with
          [
              T=float
          ]
C:\Users\marci\Desktop\Repozytorium\Projekty\Projekty desktopowe\C_CPP\Ludo\Button.h(28,44): warning C4244: 'argument': conversion from 'int' to 'T', possible loss of data
          with
          [
              T=float
          ]
  Generating code
  4 of 440 functions ( 0.9%) were compiled, the rest were copied from previous compilation.
    0 functions were new in current compilation
    8 functions had inline decision re-evaluated but remain unchanged
  Finished generating code
  Chińczyk.vcxproj -> C:\Users\marci\Desktop\Repozytorium\Projekty\Projekty desktopowe\C_CPP\Ludo\Release\Ludo.exe
